<?xml version="1.0" encoding="UTF-8"?>
<!-- Generated by org.testng.reporters.JUnitReportReporter -->
<testsuite hostname="iivaan-pc" name="com.spree.test.qa.TestSpree" tests="1" failures="0" timestamp="25 Feb 2016 16:27:01 GMT" time="10.718" errors="0">
  <testcase name="test2" time="10.718" classname="com.spree.test.qa.TestSpree"/>
</testsuite> <!-- com.spree.test.qa.TestSpree -->
